{"uuid":"043d2708-0703-4b59-88fe-3dd8b5178d03","historyId":"5ad5d53f196ca31718813422290e0c17","fullName":"com.ReqRes.API.Automation.E01_Get_fetchUserList.valid_getTheUserList","labels":[{"name":"package","value":"com.ReqRes.API.Automation.E01_Get_fetchUserList"},{"name":"testClass","value":"com.ReqRes.API.Automation.E01_Get_fetchUserList"},{"name":"testMethod","value":"valid_getTheUserList"},{"name":"parentSuite","value":"TestSuite"},{"name":"suite","value":"Fetch_UserList"},{"name":"subSuite","value":"com.ReqRes.API.Automation.E01_Get_fetchUserList"},{"name":"host","value":"DESKTOP-KU9TGIV"},{"name":"thread","value":"348@DESKTOP-KU9TGIV.main(1)"},{"name":"framework","value":"testng"},{"name":"language","value":"java"}],"links":[],"name":"Validate for fetching the use list by GET method","status":"failed","statusDetails":{"known":false,"muted":false,"flaky":false,"message":"Assertion failed; expected 2000, but found 2244","trace":"java.lang.AssertionError: Assertion failed; expected 2000, but found 2244\r\n\tat org.testng.Assert.fail(Assert.java:111)\r\n\tat com.shaft.tools.io.internal.FailureReporter.fail(FailureReporter.java:43)\r\n\tat com.shaft.validation.internal.ValidationsHelper2.lambda$reportValidationState$10(ValidationsHelper2.java:266)\r\n\tat io.qameta.allure.AllureLifecycle.updateStep(AllureLifecycle.java:520)\r\n\tat io.qameta.allure.AllureLifecycle.updateStep(AllureLifecycle.java:501)\r\n\tat com.shaft.validation.internal.ValidationsHelper2.reportValidationState(ValidationsHelper2.java:266)\r\n\tat com.shaft.validation.internal.ValidationsHelper2.validateNumber(ValidationsHelper2.java:67)\r\n\tat com.shaft.validation.internal.ValidationsExecutor.performValidation(ValidationsExecutor.java:196)\r\n\tat com.shaft.validation.internal.ValidationsExecutor.internalPerform(ValidationsExecutor.java:154)\r\n\tat com.shaft.validation.internal.NumberValidationsBuilder.isLessThanOrEquals(NumberValidationsBuilder.java:122)\r\n\tat com.ReqRes.API.Automation.E01_Get_fetchUserList.valid_getTheUserList(E01_Get_fetchUserList.java:68)\r\n\tat java.base/jdk.internal.reflect.DirectMethodHandleAccessor.invoke(DirectMethodHandleAccessor.java:103)\r\n\tat java.base/java.lang.reflect.Method.invoke(Method.java:580)\r\n\tat org.testng.internal.invokers.MethodInvocationHelper.invokeMethod(MethodInvocationHelper.java:141)\r\n\tat org.testng.internal.invokers.TestInvoker.invokeMethod(TestInvoker.java:686)\r\n\tat org.testng.internal.invokers.TestInvoker.invokeTestMethod(TestInvoker.java:230)\r\n\tat org.testng.internal.invokers.MethodRunner.runInSequence(MethodRunner.java:63)\r\n\tat org.testng.internal.invokers.TestInvoker$MethodInvocationAgent.invoke(TestInvoker.java:992)\r\n\tat org.testng.internal.invokers.TestInvoker.invokeTestMethods(TestInvoker.java:203)\r\n\tat org.testng.internal.invokers.TestMethodWorker.invokeTestMethods(TestMethodWorker.java:154)\r\n\tat org.testng.internal.invokers.TestMethodWorker.run(TestMethodWorker.java:134)\r\n\tat java.base/java.util.ArrayList.forEach(ArrayList.java:1597)\r\n\tat org.testng.TestRunner.privateRun(TestRunner.java:739)\r\n\tat org.testng.TestRunner.run(TestRunner.java:614)\r\n\tat org.testng.SuiteRunner.runTest(SuiteRunner.java:421)\r\n\tat org.testng.SuiteRunner.runSequentially(SuiteRunner.java:413)\r\n\tat org.testng.SuiteRunner.privateRun(SuiteRunner.java:373)\r\n\tat org.testng.SuiteRunner.run(SuiteRunner.java:312)\r\n\tat org.testng.SuiteRunnerWorker.runSuite(SuiteRunnerWorker.java:52)\r\n\tat org.testng.SuiteRunnerWorker.run(SuiteRunnerWorker.java:95)\r\n\tat org.testng.TestNG.runSuitesSequentially(TestNG.java:1274)\r\n\tat org.testng.TestNG.runSuitesLocally(TestNG.java:1208)\r\n\tat org.testng.TestNG.runSuites(TestNG.java:1112)\r\n\tat org.testng.TestNG.run(TestNG.java:1079)\r\n\tat com.intellij.rt.testng.IDEARemoteTestNG.run(IDEARemoteTestNG.java:65)\r\n\tat com.intellij.rt.testng.RemoteTestNGStarter.main(RemoteTestNGStarter.java:105)\r\n"},"stage":"finished","steps":[{"name":"Perform GET request to https://reqres.in/api/users","status":"passed","stage":"finished","steps":[{"name":"Handle response; GET | Target Status Code: 200 | Response Time: 2244ms.","status":"passed","stage":"finished","steps":[],"attachments":[],"parameters":[],"start":1723082051096,"stop":1723082051096}],"attachments":[{"name":"Request","source":"33fa4b7c-3b7d-4e82-bce8-4cc8d3ec5f70-attachment.html","type":"text/html"},{"name":"Response","source":"c4824fd8-88c9-47d7-9a03-b7a661cbbe4a-attachment.html","type":"text/html"}],"parameters":[],"start":1723082044999,"stop":1723082051096},{"name":" Assert that the API response Time is less than or equal to \"2000\".","status":"failed","statusDetails":{"known":false,"muted":false,"flaky":false,"message":"Assertion failed; expected 2000, but found 2244","trace":"java.lang.AssertionError: Assertion failed; expected 2000, but found 2244\r\n\tat org.testng.Assert.fail(Assert.java:111)\r\n\tat com.shaft.tools.io.internal.FailureReporter.fail(FailureReporter.java:43)\r\n\tat com.shaft.validation.internal.ValidationsHelper2.lambda$reportValidationState$10(ValidationsHelper2.java:266)\r\n\tat io.qameta.allure.AllureLifecycle.updateStep(AllureLifecycle.java:520)\r\n\tat io.qameta.allure.AllureLifecycle.updateStep(AllureLifecycle.java:501)\r\n\tat com.shaft.validation.internal.ValidationsHelper2.reportValidationState(ValidationsHelper2.java:266)\r\n\tat com.shaft.validation.internal.ValidationsHelper2.validateNumber(ValidationsHelper2.java:67)\r\n\tat com.shaft.validation.internal.ValidationsExecutor.performValidation(ValidationsExecutor.java:196)\r\n\tat com.shaft.validation.internal.ValidationsExecutor.internalPerform(ValidationsExecutor.java:154)\r\n\tat com.shaft.validation.internal.NumberValidationsBuilder.isLessThanOrEquals(NumberValidationsBuilder.java:122)\r\n\tat com.ReqRes.API.Automation.E01_Get_fetchUserList.valid_getTheUserList(E01_Get_fetchUserList.java:68)\r\n\tat java.base/jdk.internal.reflect.DirectMethodHandleAccessor.invoke(DirectMethodHandleAccessor.java:103)\r\n\tat java.base/java.lang.reflect.Method.invoke(Method.java:580)\r\n\tat org.testng.internal.invokers.MethodInvocationHelper.invokeMethod(MethodInvocationHelper.java:141)\r\n\tat org.testng.internal.invokers.TestInvoker.invokeMethod(TestInvoker.java:686)\r\n\tat org.testng.internal.invokers.TestInvoker.invokeTestMethod(TestInvoker.java:230)\r\n\tat org.testng.internal.invokers.MethodRunner.runInSequence(MethodRunner.java:63)\r\n\tat org.testng.internal.invokers.TestInvoker$MethodInvocationAgent.invoke(TestInvoker.java:992)\r\n\tat org.testng.internal.invokers.TestInvoker.invokeTestMethods(TestInvoker.java:203)\r\n\tat org.testng.internal.invokers.TestMethodWorker.invokeTestMethods(TestMethodWorker.java:154)\r\n\tat org.testng.internal.invokers.TestMethodWorker.run(TestMethodWorker.java:134)\r\n\tat java.base/java.util.ArrayList.forEach(ArrayList.java:1597)\r\n\tat org.testng.TestRunner.privateRun(TestRunner.java:739)\r\n\tat org.testng.TestRunner.run(TestRunner.java:614)\r\n\tat org.testng.SuiteRunner.runTest(SuiteRunner.java:421)\r\n\tat org.testng.SuiteRunner.runSequentially(SuiteRunner.java:413)\r\n\tat org.testng.SuiteRunner.privateRun(SuiteRunner.java:373)\r\n\tat org.testng.SuiteRunner.run(SuiteRunner.java:312)\r\n\tat org.testng.SuiteRunnerWorker.runSuite(SuiteRunnerWorker.java:52)\r\n\tat org.testng.SuiteRunnerWorker.run(SuiteRunnerWorker.java:95)\r\n\tat org.testng.TestNG.runSuitesSequentially(TestNG.java:1274)\r\n\tat org.testng.TestNG.runSuitesLocally(TestNG.java:1208)\r\n\tat org.testng.TestNG.runSuites(TestNG.java:1112)\r\n\tat org.testng.TestNG.run(TestNG.java:1079)\r\n\tat com.intellij.rt.testng.IDEARemoteTestNG.run(IDEARemoteTestNG.java:65)\r\n\tat com.intellij.rt.testng.RemoteTestNGStarter.main(RemoteTestNGStarter.java:105)\r\n"},"stage":"finished","steps":[{"name":"Get response time; 2244.","status":"passed","stage":"finished","steps":[],"attachments":[],"parameters":[],"start":1723082051226,"stop":1723082051226},{"name":"Assertion failed; expected 2000, but found 2244","status":"failed","stage":"finished","steps":[],"attachments":[],"parameters":[],"start":1723082051236,"stop":1723082051236}],"attachments":[],"parameters":[{"name":"Expected value","value":"2000","mode":"default"},{"name":"Actual value","value":"2244","mode":"default"},{"name":"Comparison type","value":"Less  than  or  equals","mode":"default"},{"name":"Validation","value":"Positive","mode":"default"}],"start":1723082051214,"stop":1723082051246}],"attachments":[{"name":"SHAFT Engine Logs - Current Method log: valid_getTheUserList","source":"0f1b277c-a69b-49b6-b809-e2a0ab977d05-attachment.txt","type":"text/plain"}],"parameters":[],"start":1723082044950,"stop":1723082051272}